<?xml version="1.0" encoding="UTF-8"?>
<!-- Generated by org.testng.reporters.JUnitXMLReporter -->
<testsuite ignored="3" hostname="DESKTOP-1DRG44F" failures="2" tests="2" name="Test" time="0.17" errors="0" timestamp="2024-08-03T16:56:13 IST">
  <testcase classname="testPackage.RemoveProductFromCartTestCase" name="removeProductTC" time="0.062">
    <failure type="java.lang.NullPointerException" message="Cannot invoke &amp;quot;org.openqa.selenium.SearchContext.findElement(org.openqa.selenium.By)&amp;quot; because &amp;quot;this.searchContext&amp;quot; is null">
      <![CDATA[java.lang.NullPointerException: Cannot invoke "org.openqa.selenium.SearchContext.findElement(org.openqa.selenium.By)" because "this.searchContext" is null
at org.openqa.selenium.support.pagefactory.DefaultElementLocator.findElement(DefaultElementLocator.java:68)
at org.openqa.selenium.support.pagefactory.internal.LocatingElementHandler.invoke(LocatingElementHandler.java:38)
at jdk.proxy2/jdk.proxy2.$Proxy11.click(Unknown Source)
at testPackage.RemoveProductFromCartTestCase.removeProductTC(RemoveProductFromCartTestCase.java:20)
at java.base/java.util.ArrayList.forEach(ArrayList.java:1511)
... Removed 27 stack frames]]>
    </failure>
  </testcase> <!-- removeProductTC -->
  <testcase classname="testPackage.AddToCartTestCase" name="addToCartTC" time="0.005">
    <failure type="java.lang.NullPointerException" message="Cannot invoke &amp;quot;org.openqa.selenium.SearchContext.findElement(org.openqa.selenium.By)&amp;quot; because &amp;quot;this.searchContext&amp;quot; is null">
      <![CDATA[java.lang.NullPointerException: Cannot invoke "org.openqa.selenium.SearchContext.findElement(org.openqa.selenium.By)" because "this.searchContext" is null
at org.openqa.selenium.support.pagefactory.DefaultElementLocator.findElement(DefaultElementLocator.java:68)
at org.openqa.selenium.support.pagefactory.internal.LocatingElementHandler.invoke(LocatingElementHandler.java:38)
at jdk.proxy2/jdk.proxy2.$Proxy11.click(Unknown Source)
at testPackage.AddToCartTestCase.addToCartTC(AddToCartTestCase.java:18)
at java.base/java.util.ArrayList.forEach(ArrayList.java:1511)
... Removed 27 stack frames]]>
    </failure>
  </testcase> <!-- addToCartTC -->
  <testcase classname="testPackage.ValidLoginTestCase" name="validLoginTC" time="0.0">
    <ignored/>
  </testcase> <!-- validLoginTC -->
  <testcase classname="testPackage.InvalidLoginTestCase" name="invalidLoginTC" time="0.0">
    <ignored/>
  </testcase> <!-- invalidLoginTC -->
  <testcase classname="testPackage.BuyProductTestCase" name="buyProductTC" time="0.0">
    <ignored/>
  </testcase> <!-- buyProductTC -->
</testsuite> <!-- Test -->
